#-----------------------------------------------------------
# Vivado v2019.2 (64-bit)
# SW Build 2708876 on Wed Nov  6 21:40:23 MST 2019
# IP Build 2700528 on Thu Nov  7 00:09:20 MST 2019
# Start of session at: Sun Dec  8 23:34:08 2019
# Process ID: 12584
# Current directory: C:/Users/ugur/Desktop/Bilkent/04 2019 2020 Fall Semester/CS 223/labs/lab04/Lab04_zübeyir
# Command line: vivado.exe -gui_launcher_event rodinguilauncherevent12592 C:\Users\ugur\Desktop\Bilkent\04 2019 2020 Fall Semester\CS 223\labs\lab04\Lab04_zübeyir\Lab04.xpr
# Log file: C:/Users/ugur/Desktop/Bilkent/04 2019 2020 Fall Semester/CS 223/labs/lab04/Lab04_zübeyir/vivado.log
# Journal file: C:/Users/ugur/Desktop/Bilkent/04 2019 2020 Fall Semester/CS 223/labs/lab04/Lab04_zübeyir\vivado.jou
#-----------------------------------------------------------
start_gui
open_project {C:/Users/ugur/Desktop/Bilkent/04 2019 2020 Fall Semester/CS 223/labs/lab04/Lab04_zübeyir/Lab04.xpr}
INFO: [ProjectBase 1-489] The host OS only allows 260 characters in a normal path. The project is stored in a path with more than 80 characters. If you experience issues with IP, Block Designs, or files not being found, please consider moving the project to a location with a shorter path. Alternately consider using the OS subst command to map part of the path to a drive letter.
Current project path is 'C:/Users/ugur/Desktop/Bilkent/04 2019 2020 Fall Semester/CS 223/labs/lab04/Lab04_zübeyir'
INFO: [Project 1-313] Project file moved from 'C:/Users/ugur/Desktop/Lab04' since last save.
Scanning sources...
Finished scanning sources
INFO: [IP_Flow 19-234] Refreshing IP repositories
INFO: [IP_Flow 19-1704] No user IP repositories specified
INFO: [IP_Flow 19-2313] Loaded Vivado IP repository 'C:/Xilinx/Vivado/2019.2/data/ip'.
open_project: Time (s): cpu = 00:00:19 ; elapsed = 00:00:08 . Memory (MB): peak = 748.422 ; gain = 114.770
update_compile_order -fileset sources_1
exit
INFO: [Common 17-206] Exiting Vivado at Sun Dec  8 23:53:44 2019...
