#-----------------------------------------------------------
# Vivado v2019.2 (64-bit)
# SW Build 2708876 on Wed Nov  6 21:40:23 MST 2019
# IP Build 2700528 on Thu Nov  7 00:09:20 MST 2019
# Start of session at: Sat Dec 21 23:54:10 2019
# Process ID: 4608
# Current directory: C:/Users/ugur/Desktop/Bilkent/04 2019 2020 Fall Semester/CS 223/labs/lab02/lab_02
# Command line: vivado.exe -gui_launcher_event rodinguilauncherevent14772 C:\Users\ugur\Desktop\Bilkent\04 2019 2020 Fall Semester\CS 223\labs\lab02\lab_02\lab_02.xpr
# Log file: C:/Users/ugur/Desktop/Bilkent/04 2019 2020 Fall Semester/CS 223/labs/lab02/lab_02/vivado.log
# Journal file: C:/Users/ugur/Desktop/Bilkent/04 2019 2020 Fall Semester/CS 223/labs/lab02/lab_02\vivado.jou
#-----------------------------------------------------------
start_gui
open_project {C:/Users/ugur/Desktop/Bilkent/04 2019 2020 Fall Semester/CS 223/labs/lab02/lab_02/lab_02.xpr}
INFO: [ProjectBase 1-489] The host OS only allows 260 characters in a normal path. The project is stored in a path with more than 80 characters. If you experience issues with IP, Block Designs, or files not being found, please consider moving the project to a location with a shorter path. Alternately consider using the OS subst command to map part of the path to a drive letter.
Current project path is 'C:/Users/ugur/Desktop/Bilkent/04 2019 2020 Fall Semester/CS 223/labs/lab02/lab_02'
INFO: [Project 1-313] Project file moved from '/home/ugur/Desktop/lab_02' since last save.
Scanning sources...
Finished scanning sources
INFO: [Project 1-230] Project 'lab_02.xpr' upgraded for this version of Vivado.
INFO: [IP_Flow 19-234] Refreshing IP repositories
INFO: [IP_Flow 19-1704] No user IP repositories specified
INFO: [IP_Flow 19-2313] Loaded Vivado IP repository 'C:/Xilinx/Vivado/2019.2/data/ip'.
open_project: Time (s): cpu = 00:00:21 ; elapsed = 00:00:09 . Memory (MB): peak = 806.102 ; gain = 173.070
exit
INFO: [Common 17-206] Exiting Vivado at Sat Dec 21 23:56:06 2019...
