#-----------------------------------------------------------
# Vivado v2019.2 (64-bit)
# SW Build 2708876 on Wed Nov  6 21:40:23 MST 2019
# IP Build 2700528 on Thu Nov  7 00:09:20 MST 2019
# Start of session at: Mon Dec  9 10:38:35 2019
# Process ID: 7008
# Current directory: C:/Users/ugur/Desktop/lab05
# Command line: vivado.exe -gui_launcher_event rodinguilauncherevent7984 C:\Users\ugur\Desktop\lab05\lab05.xpr
# Log file: C:/Users/ugur/Desktop/lab05/vivado.log
# Journal file: C:/Users/ugur/Desktop/lab05\vivado.jou
#-----------------------------------------------------------
start_gui
open_project C:/Users/ugur/Desktop/lab05/lab05.xpr
Scanning sources...
Finished scanning sources
INFO: [IP_Flow 19-234] Refreshing IP repositories
INFO: [IP_Flow 19-1704] No user IP repositories specified
INFO: [IP_Flow 19-2313] Loaded Vivado IP repository 'C:/Xilinx/Vivado/2019.2/data/ip'.
open_project: Time (s): cpu = 00:00:23 ; elapsed = 00:00:08 . Memory (MB): peak = 772.035 ; gain = 147.715
update_compile_order -fileset sources_1
exit
INFO: [Common 17-206] Exiting Vivado at Mon Dec  9 10:50:05 2019...
