#-----------------------------------------------------------
# Vivado v2019.2 (64-bit)
# SW Build 2708876 on Wed Nov  6 21:40:23 MST 2019
# IP Build 2700528 on Thu Nov  7 00:09:20 MST 2019
# Start of session at: Sun Dec 22 01:20:10 2019
# Process ID: 4252
# Current directory: C:/Users/ugur/Desktop/Bilkent/04 2019 2020 Fall Semester/CS 223/labs/lab05/lab05
# Command line: vivado.exe -gui_launcher_event rodinguilauncherevent12788 C:\Users\ugur\Desktop\Bilkent\04 2019 2020 Fall Semester\CS 223\labs\lab05\lab05\lab05.xpr
# Log file: C:/Users/ugur/Desktop/Bilkent/04 2019 2020 Fall Semester/CS 223/labs/lab05/lab05/vivado.log
# Journal file: C:/Users/ugur/Desktop/Bilkent/04 2019 2020 Fall Semester/CS 223/labs/lab05/lab05\vivado.jou
#-----------------------------------------------------------
start_gui
open_project {C:/Users/ugur/Desktop/Bilkent/04 2019 2020 Fall Semester/CS 223/labs/lab05/lab05/lab05.xpr}
INFO: [Project 1-313] Project file moved from 'C:/Users/ugur/Desktop/lab05' since last save.
Scanning sources...
Finished scanning sources
INFO: [IP_Flow 19-234] Refreshing IP repositories
INFO: [IP_Flow 19-1704] No user IP repositories specified
INFO: [IP_Flow 19-2313] Loaded Vivado IP repository 'C:/Xilinx/Vivado/2019.2/data/ip'.
open_project: Time (s): cpu = 00:00:19 ; elapsed = 00:00:08 . Memory (MB): peak = 765.289 ; gain = 130.859
open_hw_manager
update_compile_order -fileset sources_1
connect_hw_server -allow_non_jtag
INFO: [Labtools 27-2285] Connecting to hw_server url TCP:localhost:3121
INFO: [Labtools 27-3415] Connecting to cs_server url TCP:localhost:3042
INFO: [Labtools 27-3414] Connected to existing cs_server.
open_hw_target
INFO: [Labtoolstcl 44-466] Opening hw_target localhost:3121/xilinx_tcf/Digilent/210183A27B65A
open_hw_target: Time (s): cpu = 00:00:07 ; elapsed = 00:00:08 . Memory (MB): peak = 2082.465 ; gain = 1221.387
set_property PROGRAM.FILE {C:/Users/ugur/Desktop/Bilkent/04 2019 2020 Fall Semester/CS 223/labs/lab05/lab05/lab05.runs/impl_1/master_slave.bit} [get_hw_devices xc7a35t_0]
current_hw_device [get_hw_devices xc7a35t_0]
refresh_hw_device -update_hw_probes false [lindex [get_hw_devices xc7a35t_0] 0]
INFO: [Labtools 27-1434] Device xc7a35t (JTAG device index = 0) is programmed with a design that has no supported debug core(s) in it.
ERROR: [Labtoolstcl 44-513] HW Target shutdown. Closing target: localhost:3121/xilinx_tcf/Digilent/210183A27B65A
exit
INFO: [Common 17-206] Exiting Vivado at Sun Dec 22 01:41:35 2019...
