#-----------------------------------------------------------
# Vivado v2019.2 (64-bit)
# SW Build 2708876 on Wed Nov  6 21:40:23 MST 2019
# IP Build 2700528 on Thu Nov  7 00:09:20 MST 2019
# Start of session at: Sun Dec 22 00:22:25 2019
# Process ID: 13752
# Current directory: C:/Users/ugur/Desktop/Bilkent/04 2019 2020 Fall Semester/CS 223/labs/lab05/lab05
# Command line: vivado.exe -gui_launcher_event rodinguilauncherevent3536 C:\Users\ugur\Desktop\Bilkent\04 2019 2020 Fall Semester\CS 223\labs\lab05\lab05\lab05.xpr
# Log file: C:/Users/ugur/Desktop/Bilkent/04 2019 2020 Fall Semester/CS 223/labs/lab05/lab05/vivado.log
# Journal file: C:/Users/ugur/Desktop/Bilkent/04 2019 2020 Fall Semester/CS 223/labs/lab05/lab05\vivado.jou
#-----------------------------------------------------------
start_gui
open_project {C:/Users/ugur/Desktop/Bilkent/04 2019 2020 Fall Semester/CS 223/labs/lab05/lab05/lab05.xpr}
INFO: [Project 1-313] Project file moved from 'C:/Users/ugur/Desktop/lab05' since last save.
Scanning sources...
Finished scanning sources
INFO: [IP_Flow 19-234] Refreshing IP repositories
INFO: [IP_Flow 19-1704] No user IP repositories specified
INFO: [IP_Flow 19-2313] Loaded Vivado IP repository 'C:/Xilinx/Vivado/2019.2/data/ip'.
open_project: Time (s): cpu = 00:00:19 ; elapsed = 00:00:07 . Memory (MB): peak = 821.434 ; gain = 185.598
update_compile_order -fileset sources_1
exit
INFO: [Common 17-206] Exiting Vivado at Sun Dec 22 00:29:57 2019...
