
*** Running vivado
    with args -log finalModule.vds -m64 -product Vivado -mode batch -messageDb vivado.pb -notrace -source finalModule.tcl


****** Vivado v2019.1 (64-bit)
  **** SW Build 2552052 on Fri May 24 14:47:09 MDT 2019
  **** IP Build 2548770 on Fri May 24 18:01:18 MDT 2019
    ** Copyright 1986-2019 Xilinx, Inc. All Rights Reserved.

source finalModule.tcl -notrace
Command: synth_design -top finalModule -part xc7a35tcpg236-1
Starting synth_design
Attempting to get a license for feature 'Synthesis' and/or device 'xc7a35t'
INFO: [Common 17-349] Got license for feature 'Synthesis' and/or device 'xc7a35t'
INFO: [Device 21-403] Loading part xc7a35tcpg236-1
INFO: Launching helper process for spawning children vivado processes
INFO: Helper process launched with PID 23483 
---------------------------------------------------------------------------------
Starting RTL Elaboration : Time (s): cpu = 00:00:08 ; elapsed = 00:00:12 . Memory (MB): peak = 1686.898 ; gain = 153.715 ; free physical = 897 ; free virtual = 3370
---------------------------------------------------------------------------------
INFO: [Synth 8-6157] synthesizing module 'finalModule' [/home/ugur/Desktop/lab_03/lab_03.srcs/sources_1/new/modules.sv:254]
INFO: [Synth 8-6157] synthesizing module 'decoder2_4' [/home/ugur/Desktop/lab_03/lab_03.srcs/sources_1/new/modules.sv:47]
INFO: [Synth 8-6155] done synthesizing module 'decoder2_4' (1#1) [/home/ugur/Desktop/lab_03/lab_03.srcs/sources_1/new/modules.sv:47]
INFO: [Synth 8-6157] synthesizing module 'updatedF' [/home/ugur/Desktop/lab_03/lab_03.srcs/sources_1/new/modules.sv:245]
INFO: [Synth 8-6157] synthesizing module 'mux8_1' [/home/ugur/Desktop/lab_03/lab_03.srcs/sources_1/new/modules.sv:104]
INFO: [Synth 8-6157] synthesizing module 'mux4_1' [/home/ugur/Desktop/lab_03/lab_03.srcs/sources_1/new/modules.sv:91]
INFO: [Synth 8-6157] synthesizing module 'mux2_1' [/home/ugur/Desktop/lab_03/lab_03.srcs/sources_1/new/modules.sv:81]
INFO: [Synth 8-6155] done synthesizing module 'mux2_1' (2#1) [/home/ugur/Desktop/lab_03/lab_03.srcs/sources_1/new/modules.sv:81]
INFO: [Synth 8-6155] done synthesizing module 'mux4_1' (3#1) [/home/ugur/Desktop/lab_03/lab_03.srcs/sources_1/new/modules.sv:91]
INFO: [Synth 8-6157] synthesizing module 'inv' [/home/ugur/Desktop/lab_03/lab_03.srcs/sources_1/new/modules.sv:22]
INFO: [Synth 8-6155] done synthesizing module 'inv' (4#1) [/home/ugur/Desktop/lab_03/lab_03.srcs/sources_1/new/modules.sv:22]
INFO: [Synth 8-6157] synthesizing module 'and2' [/home/ugur/Desktop/lab_03/lab_03.srcs/sources_1/new/modules.sv:30]
INFO: [Synth 8-6155] done synthesizing module 'and2' (5#1) [/home/ugur/Desktop/lab_03/lab_03.srcs/sources_1/new/modules.sv:30]
INFO: [Synth 8-6157] synthesizing module 'or2' [/home/ugur/Desktop/lab_03/lab_03.srcs/sources_1/new/modules.sv:38]
INFO: [Synth 8-6155] done synthesizing module 'or2' (6#1) [/home/ugur/Desktop/lab_03/lab_03.srcs/sources_1/new/modules.sv:38]
INFO: [Synth 8-6155] done synthesizing module 'mux8_1' (7#1) [/home/ugur/Desktop/lab_03/lab_03.srcs/sources_1/new/modules.sv:104]
INFO: [Synth 8-6155] done synthesizing module 'updatedF' (8#1) [/home/ugur/Desktop/lab_03/lab_03.srcs/sources_1/new/modules.sv:245]
INFO: [Synth 8-6155] done synthesizing module 'finalModule' (9#1) [/home/ugur/Desktop/lab_03/lab_03.srcs/sources_1/new/modules.sv:254]
---------------------------------------------------------------------------------
Finished RTL Elaboration : Time (s): cpu = 00:00:10 ; elapsed = 00:00:15 . Memory (MB): peak = 1740.648 ; gain = 207.465 ; free physical = 917 ; free virtual = 3392
---------------------------------------------------------------------------------

Report Check Netlist: 
+------+------------------+-------+---------+-------+------------------+
|      |Item              |Errors |Warnings |Status |Description       |
+------+------------------+-------+---------+-------+------------------+
|1     |multi_driven_nets |      0|        0|Passed |Multi driven nets |
+------+------------------+-------+---------+-------+------------------+
---------------------------------------------------------------------------------
Start Handling Custom Attributes
---------------------------------------------------------------------------------
---------------------------------------------------------------------------------
Finished Handling Custom Attributes : Time (s): cpu = 00:00:11 ; elapsed = 00:00:16 . Memory (MB): peak = 1743.617 ; gain = 210.434 ; free physical = 914 ; free virtual = 3390
---------------------------------------------------------------------------------
---------------------------------------------------------------------------------
Finished RTL Optimization Phase 1 : Time (s): cpu = 00:00:11 ; elapsed = 00:00:16 . Memory (MB): peak = 1743.617 ; gain = 210.434 ; free physical = 914 ; free virtual = 3390
---------------------------------------------------------------------------------
INFO: [Project 1-570] Preparing netlist for logic optimization

Processing XDC Constraints
Initializing timing engine
Parsing XDC File [/home/ugur/Desktop/lab_03/lab_03.srcs/constrs_1/new/constraints.xdc]
Finished Parsing XDC File [/home/ugur/Desktop/lab_03/lab_03.srcs/constrs_1/new/constraints.xdc]
INFO: [Project 1-236] Implementation specific constraints were found while reading constraint file [/home/ugur/Desktop/lab_03/lab_03.srcs/constrs_1/new/constraints.xdc]. These constraints will be ignored for synthesis but will be used in implementation. Impacted constraints are listed in the file [.Xil/finalModule_propImpl.xdc].
Resolution: To avoid this warning, move constraints listed in [.Xil/finalModule_propImpl.xdc] to another XDC file and exclude this new file from synthesis with the used_in_synthesis property (File Properties dialog in GUI) and re-run elaboration/synthesis.
Completed Processing XDC Constraints

Netlist sorting complete. Time (s): cpu = 00:00:00 ; elapsed = 00:00:00 . Memory (MB): peak = 1841.375 ; gain = 0.000 ; free physical = 819 ; free virtual = 3306
INFO: [Project 1-111] Unisim Transformation Summary:
No Unisim elements were transformed.

Constraint Validation Runtime : Time (s): cpu = 00:00:00 ; elapsed = 00:00:00 . Memory (MB): peak = 1841.375 ; gain = 0.000 ; free physical = 819 ; free virtual = 3306
---------------------------------------------------------------------------------
Finished Constraint Validation : Time (s): cpu = 00:00:29 ; elapsed = 00:00:40 . Memory (MB): peak = 1841.375 ; gain = 308.191 ; free physical = 883 ; free virtual = 3371
---------------------------------------------------------------------------------
---------------------------------------------------------------------------------
Start Loading Part and Timing Information
---------------------------------------------------------------------------------
Loading part: xc7a35tcpg236-1
---------------------------------------------------------------------------------
Finished Loading Part and Timing Information : Time (s): cpu = 00:00:29 ; elapsed = 00:00:40 . Memory (MB): peak = 1841.375 ; gain = 308.191 ; free physical = 883 ; free virtual = 3371
---------------------------------------------------------------------------------
---------------------------------------------------------------------------------
Start Applying 'set_property' XDC Constraints
---------------------------------------------------------------------------------
---------------------------------------------------------------------------------
Finished applying 'set_property' XDC Constraints : Time (s): cpu = 00:00:29 ; elapsed = 00:00:40 . Memory (MB): peak = 1841.375 ; gain = 308.191 ; free physical = 883 ; free virtual = 3371
---------------------------------------------------------------------------------
---------------------------------------------------------------------------------
Finished RTL Optimization Phase 2 : Time (s): cpu = 00:00:30 ; elapsed = 00:00:40 . Memory (MB): peak = 1841.375 ; gain = 308.191 ; free physical = 874 ; free virtual = 3362
---------------------------------------------------------------------------------

Report RTL Partitions: 
+-+--------------+------------+----------+
| |RTL Partition |Replication |Instances |
+-+--------------+------------+----------+
+-+--------------+------------+----------+
---------------------------------------------------------------------------------
Start RTL Component Statistics 
---------------------------------------------------------------------------------
Detailed RTL Component Info : 
+---Muxes : 
	   2 Input      1 Bit        Muxes := 6     
---------------------------------------------------------------------------------
Finished RTL Component Statistics 
---------------------------------------------------------------------------------
---------------------------------------------------------------------------------
Start RTL Hierarchical Component Statistics 
---------------------------------------------------------------------------------
Hierarchical RTL Component report 
Module mux2_1 
Detailed RTL Component Info : 
+---Muxes : 
	   2 Input      1 Bit        Muxes := 1     
---------------------------------------------------------------------------------
Finished RTL Hierarchical Component Statistics
---------------------------------------------------------------------------------
---------------------------------------------------------------------------------
Start Part Resource Summary
---------------------------------------------------------------------------------
Part Resources:
DSPs: 90 (col length:60)
BRAMs: 100 (col length: RAMB18 60 RAMB36 30)
---------------------------------------------------------------------------------
Finished Part Resource Summary
---------------------------------------------------------------------------------
---------------------------------------------------------------------------------
Start Cross Boundary and Area Optimization
---------------------------------------------------------------------------------
Warning: Parallel synthesis criteria is not met 
---------------------------------------------------------------------------------
Finished Cross Boundary and Area Optimization : Time (s): cpu = 00:00:31 ; elapsed = 00:00:41 . Memory (MB): peak = 1841.375 ; gain = 308.191 ; free physical = 863 ; free virtual = 3354
---------------------------------------------------------------------------------

Report RTL Partitions: 
+-+--------------+------------+----------+
| |RTL Partition |Replication |Instances |
+-+--------------+------------+----------+
+-+--------------+------------+----------+
---------------------------------------------------------------------------------
Start Applying XDC Timing Constraints
---------------------------------------------------------------------------------
---------------------------------------------------------------------------------
Finished Applying XDC Timing Constraints : Time (s): cpu = 00:00:42 ; elapsed = 00:00:54 . Memory (MB): peak = 1841.375 ; gain = 308.191 ; free physical = 732 ; free virtual = 3231
---------------------------------------------------------------------------------
---------------------------------------------------------------------------------
Start Timing Optimization
---------------------------------------------------------------------------------
---------------------------------------------------------------------------------
Finished Timing Optimization : Time (s): cpu = 00:00:42 ; elapsed = 00:00:54 . Memory (MB): peak = 1841.375 ; gain = 308.191 ; free physical = 732 ; free virtual = 3231
---------------------------------------------------------------------------------

Report RTL Partitions: 
+-+--------------+------------+----------+
| |RTL Partition |Replication |Instances |
+-+--------------+------------+----------+
+-+--------------+------------+----------+
---------------------------------------------------------------------------------
Start Technology Mapping
---------------------------------------------------------------------------------
---------------------------------------------------------------------------------
Finished Technology Mapping : Time (s): cpu = 00:00:42 ; elapsed = 00:00:54 . Memory (MB): peak = 1841.375 ; gain = 308.191 ; free physical = 732 ; free virtual = 3231
---------------------------------------------------------------------------------

Report RTL Partitions: 
+-+--------------+------------+----------+
| |RTL Partition |Replication |Instances |
+-+--------------+------------+----------+
+-+--------------+------------+----------+
---------------------------------------------------------------------------------
Start IO Insertion
---------------------------------------------------------------------------------
---------------------------------------------------------------------------------
Start Flattening Before IO Insertion
---------------------------------------------------------------------------------
---------------------------------------------------------------------------------
Finished Flattening Before IO Insertion
---------------------------------------------------------------------------------
---------------------------------------------------------------------------------
Start Final Netlist Cleanup
---------------------------------------------------------------------------------
---------------------------------------------------------------------------------
Finished Final Netlist Cleanup
---------------------------------------------------------------------------------
---------------------------------------------------------------------------------
Finished IO Insertion : Time (s): cpu = 00:00:45 ; elapsed = 00:00:56 . Memory (MB): peak = 1847.312 ; gain = 314.129 ; free physical = 732 ; free virtual = 3231
---------------------------------------------------------------------------------

Report Check Netlist: 
+------+------------------+-------+---------+-------+------------------+
|      |Item              |Errors |Warnings |Status |Description       |
+------+------------------+-------+---------+-------+------------------+
|1     |multi_driven_nets |      0|        0|Passed |Multi driven nets |
+------+------------------+-------+---------+-------+------------------+
---------------------------------------------------------------------------------
Start Renaming Generated Instances
---------------------------------------------------------------------------------
---------------------------------------------------------------------------------
Finished Renaming Generated Instances : Time (s): cpu = 00:00:45 ; elapsed = 00:00:56 . Memory (MB): peak = 1847.312 ; gain = 314.129 ; free physical = 732 ; free virtual = 3231
---------------------------------------------------------------------------------

Report RTL Partitions: 
+-+--------------+------------+----------+
| |RTL Partition |Replication |Instances |
+-+--------------+------------+----------+
+-+--------------+------------+----------+
---------------------------------------------------------------------------------
Start Rebuilding User Hierarchy
---------------------------------------------------------------------------------
---------------------------------------------------------------------------------
Finished Rebuilding User Hierarchy : Time (s): cpu = 00:00:45 ; elapsed = 00:00:56 . Memory (MB): peak = 1847.312 ; gain = 314.129 ; free physical = 732 ; free virtual = 3231
---------------------------------------------------------------------------------
---------------------------------------------------------------------------------
Start Renaming Generated Ports
---------------------------------------------------------------------------------
---------------------------------------------------------------------------------
Finished Renaming Generated Ports : Time (s): cpu = 00:00:45 ; elapsed = 00:00:56 . Memory (MB): peak = 1847.312 ; gain = 314.129 ; free physical = 732 ; free virtual = 3231
---------------------------------------------------------------------------------
---------------------------------------------------------------------------------
Start Handling Custom Attributes
---------------------------------------------------------------------------------
---------------------------------------------------------------------------------
Finished Handling Custom Attributes : Time (s): cpu = 00:00:45 ; elapsed = 00:00:56 . Memory (MB): peak = 1847.312 ; gain = 314.129 ; free physical = 732 ; free virtual = 3231
---------------------------------------------------------------------------------
---------------------------------------------------------------------------------
Start Renaming Generated Nets
---------------------------------------------------------------------------------
---------------------------------------------------------------------------------
Finished Renaming Generated Nets : Time (s): cpu = 00:00:45 ; elapsed = 00:00:56 . Memory (MB): peak = 1847.312 ; gain = 314.129 ; free physical = 732 ; free virtual = 3231
---------------------------------------------------------------------------------
---------------------------------------------------------------------------------
Start Writing Synthesis Report
---------------------------------------------------------------------------------

Report BlackBoxes: 
+-+--------------+----------+
| |BlackBox name |Instances |
+-+--------------+----------+
+-+--------------+----------+

Report Cell Usage: 
+------+-----+------+
|      |Cell |Count |
+------+-----+------+
|1     |LUT2 |     4|
|2     |LUT4 |     1|
|3     |IBUF |     6|
|4     |OBUF |     5|
+------+-----+------+

Report Instance Areas: 
+------+---------+-------+------+
|      |Instance |Module |Cells |
+------+---------+-------+------+
|1     |top      |       |    16|
+------+---------+-------+------+
---------------------------------------------------------------------------------
Finished Writing Synthesis Report : Time (s): cpu = 00:00:45 ; elapsed = 00:00:56 . Memory (MB): peak = 1847.312 ; gain = 314.129 ; free physical = 732 ; free virtual = 3231
---------------------------------------------------------------------------------
Synthesis finished with 0 errors, 0 critical warnings and 0 warnings.
Synthesis Optimization Runtime : Time (s): cpu = 00:00:40 ; elapsed = 00:00:50 . Memory (MB): peak = 1847.312 ; gain = 216.371 ; free physical = 787 ; free virtual = 3286
Synthesis Optimization Complete : Time (s): cpu = 00:00:45 ; elapsed = 00:00:57 . Memory (MB): peak = 1847.320 ; gain = 314.129 ; free physical = 801 ; free virtual = 3300
INFO: [Project 1-571] Translating synthesized netlist
INFO: [Project 1-570] Preparing netlist for logic optimization
INFO: [Opt 31-138] Pushed 0 inverter(s) to 0 load pin(s).
Netlist sorting complete. Time (s): cpu = 00:00:00 ; elapsed = 00:00:00 . Memory (MB): peak = 1858.219 ; gain = 0.000 ; free physical = 739 ; free virtual = 3238
INFO: [Project 1-111] Unisim Transformation Summary:
No Unisim elements were transformed.

INFO: [Common 17-83] Releasing license: Synthesis
28 Infos, 0 Warnings, 0 Critical Warnings and 0 Errors encountered.
synth_design completed successfully
synth_design: Time (s): cpu = 00:00:58 ; elapsed = 00:01:13 . Memory (MB): peak = 1858.219 ; gain = 485.172 ; free physical = 837 ; free virtual = 3337
Netlist sorting complete. Time (s): cpu = 00:00:00 ; elapsed = 00:00:00 . Memory (MB): peak = 1858.219 ; gain = 0.000 ; free physical = 837 ; free virtual = 3337
WARNING: [Constraints 18-5210] No constraints selected for write.
Resolution: This message can indicate that there are no constraints for the design, or it can indicate that the used_in flags are set such that the constraints are ignored. This later case is used when running synth_design to not write synthesis constraints to the resulting checkpoint. Instead, project constraints are read when the synthesized design is opened.
INFO: [Common 17-1381] The checkpoint '/home/ugur/Desktop/lab_03/lab_03.runs/synth_1/finalModule.dcp' has been generated.
INFO: [runtcl-4] Executing : report_utilization -file finalModule_utilization_synth.rpt -pb finalModule_utilization_synth.pb
INFO: [Common 17-206] Exiting Vivado at Sun Nov  3 22:04:46 2019...
